model_save/coral/train_num_epochs_100_dop_0.0 exists!
model_save/coral/AUC exists!
AE training epoch 0
AE training epoch 50
Fine tuning epoch 0
Unfreezing 47
Fine tuning epoch 50
Fine tuning epoch 100
Fine tuning epoch 150
Fine tuning epoch 200
Fine tuning epoch 250
Unfreezing 294
Fine tuning epoch 300
Unfreezing 304
Fine tuning epoch 350
Fine tuning epoch 400
Fine tuning epoch 450
Fine tuning epoch 500
Fine tuning epoch 550
Fine tuning epoch 600
Fine tuning epoch 650
Fine tuning epoch 700
Fine tuning epoch 750
Fine tuning epoch 800
Fine tuning epoch 850
Fine tuning epoch 900
Fine tuning epoch 950
Fine tuning epoch 1000
Fine tuning epoch 1050
Fine tuning epoch 1100
Fine tuning epoch 1150
Fine tuning epoch 1200
Fine tuning epoch 1250
Fine tuning epoch 1300
Fine tuning epoch 1350
Fine tuning epoch 1400
Fine tuning epoch 1450
Fine tuning epoch 1500
Fine tuning epoch 1550
Fine tuning epoch 1600
Fine tuning epoch 1650
Fine tuning epoch 1700
Fine tuning epoch 1750
Fine tuning epoch 1800
Fine tuning epoch 1850
Fine tuning epoch 1900
Fine tuning epoch 1950
Fine tuning epoch 0
Unfreezing 48
Fine tuning epoch 50
Unfreezing 70
Unfreezing 80
Fine tuning epoch 100
Fine tuning epoch 150
Fine tuning epoch 200
Fine tuning epoch 250
Fine tuning epoch 300
Fine tuning epoch 350
Fine tuning epoch 400
Fine tuning epoch 450
Fine tuning epoch 500
Fine tuning epoch 550
Fine tuning epoch 600
Fine tuning epoch 650
Fine tuning epoch 700
Fine tuning epoch 750
Fine tuning epoch 800
Fine tuning epoch 850
Fine tuning epoch 900
Fine tuning epoch 950
Fine tuning epoch 1000
Fine tuning epoch 1050
Fine tuning epoch 1100
Fine tuning epoch 1150
Fine tuning epoch 1200
Fine tuning epoch 1250
Fine tuning epoch 1300
Fine tuning epoch 1350
Fine tuning epoch 1400
Fine tuning epoch 1450
Fine tuning epoch 1500
Fine tuning epoch 1550
Fine tuning epoch 1600
Fine tuning epoch 1650
Fine tuning epoch 1700
Fine tuning epoch 1750
Fine tuning epoch 1800
Fine tuning epoch 1850
Fine tuning epoch 1900
Fine tuning epoch 1950
Fine tuning epoch 0
Fine tuning epoch 50
Unfreezing 54
Unfreezing 64
Unfreezing 74
Fine tuning epoch 100
Fine tuning epoch 150
Fine tuning epoch 200
Fine tuning epoch 250
Fine tuning epoch 300
Fine tuning epoch 350
Fine tuning epoch 400
Fine tuning epoch 450
Fine tuning epoch 500
Fine tuning epoch 550
Fine tuning epoch 600
Fine tuning epoch 650
Fine tuning epoch 700
Fine tuning epoch 750
Fine tuning epoch 800
Fine tuning epoch 850
Fine tuning epoch 900
Fine tuning epoch 950
Fine tuning epoch 1000
Fine tuning epoch 1050
Fine tuning epoch 1100
Fine tuning epoch 1150
Fine tuning epoch 1200
Fine tuning epoch 0
Unfreezing 45
Fine tuning epoch 50
Unfreezing 66
Unfreezing 76
Fine tuning epoch 100
Fine tuning epoch 150
Fine tuning epoch 200
Fine tuning epoch 250
Fine tuning epoch 300
Fine tuning epoch 350
Fine tuning epoch 400
Fine tuning epoch 450
Fine tuning epoch 500
Fine tuning epoch 550
Fine tuning epoch 600
Fine tuning epoch 650
Fine tuning epoch 700
Fine tuning epoch 750
Fine tuning epoch 800
Fine tuning epoch 850
Fine tuning epoch 900
Fine tuning epoch 950
Fine tuning epoch 1000
Fine tuning epoch 1050
Fine tuning epoch 1100
Fine tuning epoch 1150
Fine tuning epoch 1200
Fine tuning epoch 1250
Fine tuning epoch 1300
Fine tuning epoch 1350
Fine tuning epoch 1400
Fine tuning epoch 1450
Fine tuning epoch 1500
Fine tuning epoch 1550
Fine tuning epoch 1600
Fine tuning epoch 1650
Fine tuning epoch 1700
Fine tuning epoch 1750
Fine tuning epoch 1800
Fine tuning epoch 1850
Fine tuning epoch 1900
Fine tuning epoch 1950
Fine tuning epoch 0
Unfreezing 39
Unfreezing 49
Fine tuning epoch 50
Unfreezing 59
Fine tuning epoch 100
Fine tuning epoch 150
Fine tuning epoch 200
Fine tuning epoch 250
Fine tuning epoch 300
Fine tuning epoch 350
Fine tuning epoch 400
model_save/coral/train_num_epochs_100_dop_0.1 exists!
model_save/coral/AUC exists!
AE training epoch 0
AE training epoch 50
Fine tuning epoch 0
Fine tuning epoch 50
Unfreezing 67
Fine tuning epoch 100
Fine tuning epoch 150
Fine tuning epoch 200
Fine tuning epoch 250
Unfreezing 253
Unfreezing 263
Fine tuning epoch 300
Fine tuning epoch 350
Fine tuning epoch 400
Fine tuning epoch 450
Fine tuning epoch 500
Fine tuning epoch 550
Fine tuning epoch 600
Fine tuning epoch 0
Fine tuning epoch 50
Unfreezing 74
Unfreezing 97
Fine tuning epoch 100
Unfreezing 107
Fine tuning epoch 150
Fine tuning epoch 200
Fine tuning epoch 250
Fine tuning epoch 300
Fine tuning epoch 350
Fine tuning epoch 400
Fine tuning epoch 450
Fine tuning epoch 500
Fine tuning epoch 550
Fine tuning epoch 600
Fine tuning epoch 650
Fine tuning epoch 700
Fine tuning epoch 750
Fine tuning epoch 800
Fine tuning epoch 850
Fine tuning epoch 900
Fine tuning epoch 950
Fine tuning epoch 1000
Fine tuning epoch 1050
Fine tuning epoch 1100
Fine tuning epoch 1150
Fine tuning epoch 1200
Fine tuning epoch 1250
Fine tuning epoch 1300
Fine tuning epoch 1350
Fine tuning epoch 1400
Fine tuning epoch 1450
Fine tuning epoch 1500
Fine tuning epoch 1550
Fine tuning epoch 1600
Fine tuning epoch 1650
Fine tuning epoch 1700
Fine tuning epoch 1750
Fine tuning epoch 1800
Fine tuning epoch 1850
Fine tuning epoch 1900
Fine tuning epoch 1950
Fine tuning epoch 0
Fine tuning epoch 50
Unfreezing 78
Fine tuning epoch 100
Unfreezing 107
Unfreezing 138
Fine tuning epoch 0
Fine tuning epoch 50
Unfreezing 57
Unfreezing 67
Fine tuning epoch 100
Unfreezing 102
Fine tuning epoch 150
Fine tuning epoch 200
Fine tuning epoch 250
Fine tuning epoch 300
Fine tuning epoch 350
Fine tuning epoch 400
Fine tuning epoch 450
Fine tuning epoch 500
Fine tuning epoch 550
Fine tuning epoch 600
Fine tuning epoch 650
Fine tuning epoch 700
Fine tuning epoch 750
Fine tuning epoch 800
Fine tuning epoch 850
Fine tuning epoch 900
Fine tuning epoch 0
Fine tuning epoch 50
Unfreezing 51
Fine tuning epoch 100
Unfreezing 147
Fine tuning epoch 150
Unfreezing 157
model_save/coral/train_num_epochs_300_dop_0.0 exists!
model_save/coral/AUC exists!
AE training epoch 0
AE training epoch 50
AE training epoch 100
AE training epoch 150
AE training epoch 200
AE training epoch 250
Fine tuning epoch 0
Unfreezing 41
Fine tuning epoch 50
Unfreezing 62
Unfreezing 72
Fine tuning epoch 0
Unfreezing 35
Fine tuning epoch 50
Unfreezing 57
Unfreezing 67
Fine tuning epoch 0
Fine tuning epoch 50
Unfreezing 56
Unfreezing 78
Fine tuning epoch 100
Unfreezing 109
Fine tuning epoch 0
Unfreezing 46
Fine tuning epoch 50
Unfreezing 69
Unfreezing 79
Fine tuning epoch 100
Fine tuning epoch 150
Fine tuning epoch 200
Fine tuning epoch 250
Fine tuning epoch 300
Fine tuning epoch 350
Fine tuning epoch 400
Fine tuning epoch 450
Fine tuning epoch 500
Fine tuning epoch 550
Fine tuning epoch 600
Fine tuning epoch 650
Fine tuning epoch 700
Fine tuning epoch 750
Fine tuning epoch 800
Fine tuning epoch 850
Fine tuning epoch 900
Fine tuning epoch 950
Fine tuning epoch 1000
Fine tuning epoch 1050
Fine tuning epoch 1100
Fine tuning epoch 1150
Fine tuning epoch 0
Unfreezing 39
Fine tuning epoch 50
Fine tuning epoch 100
Unfreezing 126
Unfreezing 136
Fine tuning epoch 150
Fine tuning epoch 200
Fine tuning epoch 250
Fine tuning epoch 300
Fine tuning epoch 350
Fine tuning epoch 400
Fine tuning epoch 450
model_save/coral/train_num_epochs_300_dop_0.1 exists!
model_save/coral/AUC exists!
AE training epoch 0
AE training epoch 50
AE training epoch 100
AE training epoch 150
AE training epoch 200
AE training epoch 250
Fine tuning epoch 0
Fine tuning epoch 50
Unfreezing 53
Fine tuning epoch 100
Fine tuning epoch 150
Unfreezing 159
Unfreezing 169
Fine tuning epoch 200
Fine tuning epoch 0
Fine tuning epoch 50
Unfreezing 69
Fine tuning epoch 100
Unfreezing 103
Unfreezing 134
Fine tuning epoch 150
Fine tuning epoch 200
Fine tuning epoch 250
Fine tuning epoch 300
Fine tuning epoch 350
Fine tuning epoch 0
Fine tuning epoch 50
Unfreezing 55
Unfreezing 79
Unfreezing 89
Fine tuning epoch 100
Fine tuning epoch 150
Fine tuning epoch 200
Fine tuning epoch 250
Fine tuning epoch 300
Fine tuning epoch 350
Fine tuning epoch 400
Fine tuning epoch 450
Fine tuning epoch 500
Fine tuning epoch 550
Fine tuning epoch 600
Fine tuning epoch 650
Fine tuning epoch 700
Fine tuning epoch 750
Fine tuning epoch 800
Fine tuning epoch 850
Fine tuning epoch 900
Fine tuning epoch 950
Fine tuning epoch 1000
Fine tuning epoch 1050
Fine tuning epoch 1100
Fine tuning epoch 1150
Fine tuning epoch 1200
Fine tuning epoch 0
Fine tuning epoch 50
Unfreezing 61
Unfreezing 71
Fine tuning epoch 100
Unfreezing 102
Fine tuning epoch 150
Fine tuning epoch 200
Fine tuning epoch 250
Fine tuning epoch 300
Fine tuning epoch 350
Fine tuning epoch 400
Fine tuning epoch 450
Fine tuning epoch 500
Fine tuning epoch 550
Fine tuning epoch 600
Fine tuning epoch 650
Fine tuning epoch 700
Fine tuning epoch 0
Fine tuning epoch 50
Unfreezing 54
Fine tuning epoch 100
Unfreezing 112
Unfreezing 122
Fine tuning epoch 150
model_save/coral/train_num_epochs_500_dop_0.0 exists!
model_save/coral/AUC exists!
AE training epoch 0
AE training epoch 50
AE training epoch 100
AE training epoch 150
AE training epoch 200
AE training epoch 250
AE training epoch 300
AE training epoch 350
AE training epoch 400
AE training epoch 450
Fine tuning epoch 0
Unfreezing 40
Fine tuning epoch 50
Unfreezing 61
Unfreezing 71
Fine tuning epoch 0
Unfreezing 38
Fine tuning epoch 50
Unfreezing 59
Unfreezing 69
Fine tuning epoch 0
Fine tuning epoch 50
Unfreezing 52
Unfreezing 73
Unfreezing 83
Fine tuning epoch 0
Unfreezing 39
Fine tuning epoch 50
Unfreezing 61
Unfreezing 93
Fine tuning epoch 100
Fine tuning epoch 150
Fine tuning epoch 200
Fine tuning epoch 250
Fine tuning epoch 300
Fine tuning epoch 350
Fine tuning epoch 400
Fine tuning epoch 450
Fine tuning epoch 500
Fine tuning epoch 550
Fine tuning epoch 600
Fine tuning epoch 650
Fine tuning epoch 700
Fine tuning epoch 0
Unfreezing 38
Fine tuning epoch 50
Fine tuning epoch 100
Fine tuning epoch 150
Unfreezing 178
Unfreezing 188
model_save/coral/train_num_epochs_500_dop_0.1 exists!
model_save/coral/AUC exists!
AE training epoch 0
AE training epoch 50
AE training epoch 100
AE training epoch 150
AE training epoch 200
AE training epoch 250
AE training epoch 300
AE training epoch 350
AE training epoch 400
AE training epoch 450
Fine tuning epoch 0
Fine tuning epoch 50
Unfreezing 55
Fine tuning epoch 100
Fine tuning epoch 150
Fine tuning epoch 200
Fine tuning epoch 250
Unfreezing 280
Unfreezing 290
Fine tuning epoch 300
Fine tuning epoch 0
Fine tuning epoch 50
Unfreezing 66
Unfreezing 91
Fine tuning epoch 100
Unfreezing 131
Fine tuning epoch 150
Fine tuning epoch 200
Fine tuning epoch 250
Fine tuning epoch 300
Fine tuning epoch 350
Fine tuning epoch 400
Fine tuning epoch 450
Fine tuning epoch 500
Fine tuning epoch 550
Fine tuning epoch 600
Fine tuning epoch 650
Fine tuning epoch 0
Fine tuning epoch 50
Unfreezing 60
Unfreezing 81
Fine tuning epoch 100
Unfreezing 138
Fine tuning epoch 150
Fine tuning epoch 200
Fine tuning epoch 250
Fine tuning epoch 300
Fine tuning epoch 350
Fine tuning epoch 400
Fine tuning epoch 450
Fine tuning epoch 500
Fine tuning epoch 550
Fine tuning epoch 600
Fine tuning epoch 650
Fine tuning epoch 0
Unfreezing 49
Fine tuning epoch 50
Unfreezing 59
Unfreezing 93
Fine tuning epoch 100
Fine tuning epoch 150
Fine tuning epoch 200
Fine tuning epoch 250
Fine tuning epoch 300
Fine tuning epoch 350
Fine tuning epoch 400
Fine tuning epoch 450
Fine tuning epoch 500
Fine tuning epoch 550
Fine tuning epoch 600
Fine tuning epoch 650
Fine tuning epoch 0
Fine tuning epoch 50
Unfreezing 65
Fine tuning epoch 100
Fine tuning epoch 150
Unfreezing 157
Unfreezing 167
model_save/coral/train_num_epochs_1000_dop_0.0 exists!
model_save/coral/AUC exists!
AE training epoch 0
AE training epoch 50
AE training epoch 100
AE training epoch 150
AE training epoch 200
AE training epoch 250
AE training epoch 300
AE training epoch 350
AE training epoch 400
AE training epoch 450
AE training epoch 500
AE training epoch 550
AE training epoch 600
AE training epoch 650
AE training epoch 700
AE training epoch 750
AE training epoch 800
AE training epoch 850
AE training epoch 900
AE training epoch 950
Fine tuning epoch 0
Unfreezing 44
Fine tuning epoch 50
Unfreezing 74
Fine tuning epoch 100
Unfreezing 105
Fine tuning epoch 0
Unfreezing 41
Fine tuning epoch 50
Unfreezing 64
Unfreezing 74
Fine tuning epoch 0
Fine tuning epoch 50
Unfreezing 51
Unfreezing 72
Fine tuning epoch 100
Unfreezing 103
Fine tuning epoch 0
Unfreezing 41
Fine tuning epoch 50
Unfreezing 80
Unfreezing 90
Fine tuning epoch 100
Fine tuning epoch 150
Fine tuning epoch 200
Fine tuning epoch 250
Fine tuning epoch 300
Fine tuning epoch 350
Fine tuning epoch 400
Fine tuning epoch 450
Fine tuning epoch 500
Fine tuning epoch 550
Fine tuning epoch 600
Fine tuning epoch 650
Fine tuning epoch 700
Fine tuning epoch 750
Fine tuning epoch 800
Fine tuning epoch 850
Fine tuning epoch 900
Fine tuning epoch 950
Fine tuning epoch 1000
Fine tuning epoch 1050
Fine tuning epoch 1100
Fine tuning epoch 1150
Fine tuning epoch 1200
Fine tuning epoch 1250
Fine tuning epoch 1300
Fine tuning epoch 1350
Fine tuning epoch 1400
Fine tuning epoch 0
Unfreezing 37
Fine tuning epoch 50
Fine tuning epoch 100
Fine tuning epoch 150
Unfreezing 187
Unfreezing 197
Fine tuning epoch 200
model_save/coral/train_num_epochs_1000_dop_0.1 exists!
model_save/coral/AUC exists!
AE training epoch 0
AE training epoch 50
AE training epoch 100
AE training epoch 150
AE training epoch 200
AE training epoch 250
AE training epoch 300
AE training epoch 350
AE training epoch 400
AE training epoch 450
AE training epoch 500
AE training epoch 550
AE training epoch 600
AE training epoch 650
AE training epoch 700
AE training epoch 750
AE training epoch 800
AE training epoch 850
AE training epoch 900
AE training epoch 950
Fine tuning epoch 0
Fine tuning epoch 50
Unfreezing 59
Fine tuning epoch 100
Unfreezing 114
Fine tuning epoch 150
Unfreezing 155
Fine tuning epoch 200
Fine tuning epoch 250
Fine tuning epoch 300
Fine tuning epoch 350
Fine tuning epoch 400
Fine tuning epoch 450
Fine tuning epoch 500
Fine tuning epoch 550
Fine tuning epoch 600
Fine tuning epoch 650
Fine tuning epoch 700
Fine tuning epoch 750
Fine tuning epoch 800
Fine tuning epoch 850
Fine tuning epoch 900
Fine tuning epoch 950
Fine tuning epoch 1000
Fine tuning epoch 1050
Fine tuning epoch 1100
Fine tuning epoch 1150
Fine tuning epoch 1200
Fine tuning epoch 1250
Fine tuning epoch 1300
Fine tuning epoch 1350
Fine tuning epoch 1400
Fine tuning epoch 0
Fine tuning epoch 50
Unfreezing 54
Fine tuning epoch 100
Unfreezing 116
Unfreezing 126
Fine tuning epoch 150
Fine tuning epoch 200
Fine tuning epoch 250
Fine tuning epoch 300
Fine tuning epoch 350
Fine tuning epoch 400
Fine tuning epoch 450
Fine tuning epoch 500
Fine tuning epoch 550
Fine tuning epoch 600
Fine tuning epoch 650
Fine tuning epoch 700
Fine tuning epoch 750
Fine tuning epoch 800
Fine tuning epoch 0
Fine tuning epoch 50
Unfreezing 54
Unfreezing 75
Fine tuning epoch 100
Unfreezing 148
Fine tuning epoch 150
Fine tuning epoch 200
Fine tuning epoch 250
Fine tuning epoch 300
Fine tuning epoch 350
Fine tuning epoch 400
Fine tuning epoch 450
Fine tuning epoch 500
Fine tuning epoch 550
Fine tuning epoch 600
Fine tuning epoch 650
Fine tuning epoch 700
Fine tuning epoch 750
Fine tuning epoch 800
Fine tuning epoch 850
Fine tuning epoch 900
Fine tuning epoch 950
Fine tuning epoch 1000
Fine tuning epoch 1050
Fine tuning epoch 1100
Fine tuning epoch 1150
Fine tuning epoch 1200
Fine tuning epoch 1250
Fine tuning epoch 1300
Fine tuning epoch 1350
Fine tuning epoch 0
Fine tuning epoch 50
Unfreezing 53
Unfreezing 87
Unfreezing 97
Fine tuning epoch 100
Fine tuning epoch 150
Fine tuning epoch 200
Fine tuning epoch 250
Fine tuning epoch 300
Fine tuning epoch 350
Fine tuning epoch 400
Fine tuning epoch 450
Fine tuning epoch 500
Fine tuning epoch 550
Fine tuning epoch 600
Fine tuning epoch 0
Fine tuning epoch 50
Unfreezing 62
Fine tuning epoch 100
Unfreezing 129
Unfreezing 139
model_save/coral/AUC exists!
AE training epoch 0
AE training epoch 50
AE training epoch 100
AE training epoch 150
AE training epoch 200
AE training epoch 250
AE training epoch 300
AE training epoch 350
AE training epoch 400
AE training epoch 450
AE training epoch 500
AE training epoch 550
AE training epoch 600
AE training epoch 650
AE training epoch 700
AE training epoch 750
AE training epoch 800
AE training epoch 850
AE training epoch 900
AE training epoch 950
AE training epoch 1000
AE training epoch 1050
AE training epoch 1100
AE training epoch 1150
AE training epoch 1200
AE training epoch 1250
AE training epoch 1300
AE training epoch 1350
AE training epoch 1400
AE training epoch 1450
AE training epoch 1500
AE training epoch 1550
AE training epoch 1600
AE training epoch 1650
AE training epoch 1700
AE training epoch 1750
AE training epoch 1800
AE training epoch 1850
AE training epoch 1900
AE training epoch 1950
Fine tuning epoch 0
Unfreezing 37
Unfreezing 47
Fine tuning epoch 50
Unfreezing 88
Fine tuning epoch 100
Fine tuning epoch 0
Unfreezing 39
Fine tuning epoch 50
Unfreezing 61
Unfreezing 71
Fine tuning epoch 0
Unfreezing 41
Fine tuning epoch 50
Unfreezing 63
Unfreezing 73
Fine tuning epoch 0
Unfreezing 42
Fine tuning epoch 50
Fine tuning epoch 100
Fine tuning epoch 150
Unfreezing 159
Unfreezing 169
Fine tuning epoch 200
Fine tuning epoch 0
Unfreezing 42
Fine tuning epoch 50
Unfreezing 99
Fine tuning epoch 100
Unfreezing 109
Fine tuning epoch 150
Fine tuning epoch 200
Fine tuning epoch 250
Fine tuning epoch 300
model_save/coral/AUC exists!
AE training epoch 0
AE training epoch 50
AE training epoch 100
AE training epoch 150
AE training epoch 200
AE training epoch 250
AE training epoch 300
AE training epoch 350
AE training epoch 400
AE training epoch 450
AE training epoch 500
AE training epoch 550
AE training epoch 600
AE training epoch 650
AE training epoch 700
AE training epoch 750
AE training epoch 800
AE training epoch 850
AE training epoch 900
AE training epoch 950
AE training epoch 1000
AE training epoch 1050
AE training epoch 1100
AE training epoch 1150
AE training epoch 1200
AE training epoch 1250
AE training epoch 1300
AE training epoch 1350
AE training epoch 1400
AE training epoch 1450
AE training epoch 1500
AE training epoch 1550
AE training epoch 1600
AE training epoch 1650
AE training epoch 1700
AE training epoch 1750
AE training epoch 1800
AE training epoch 1850
AE training epoch 1900
AE training epoch 1950
Fine tuning epoch 0
Fine tuning epoch 50
Unfreezing 50
Unfreezing 95
Fine tuning epoch 100
Unfreezing 105
Fine tuning epoch 150
Fine tuning epoch 200
Fine tuning epoch 250
Fine tuning epoch 300
Fine tuning epoch 350
Fine tuning epoch 400
Fine tuning epoch 450
Fine tuning epoch 500
Fine tuning epoch 550
Fine tuning epoch 600
Fine tuning epoch 650
Fine tuning epoch 700
Fine tuning epoch 750
Fine tuning epoch 800
Fine tuning epoch 850
Fine tuning epoch 900
Fine tuning epoch 950
Fine tuning epoch 1000
Fine tuning epoch 1050
Fine tuning epoch 1100
Fine tuning epoch 1150
Fine tuning epoch 0
Fine tuning epoch 50
Unfreezing 53
Fine tuning epoch 100
Fine tuning epoch 150
Unfreezing 190
Fine tuning epoch 200
Unfreezing 221
Fine tuning epoch 0
Fine tuning epoch 50
Unfreezing 54
Fine tuning epoch 100
Unfreezing 106
Unfreezing 116
Fine tuning epoch 150
Fine tuning epoch 200
Fine tuning epoch 250
Fine tuning epoch 0
Fine tuning epoch 50
Unfreezing 51
Unfreezing 94
Fine tuning epoch 100
Unfreezing 104
Fine tuning epoch 150
Fine tuning epoch 200
Fine tuning epoch 250
Fine tuning epoch 300
Fine tuning epoch 350
Fine tuning epoch 400
Fine tuning epoch 450
Fine tuning epoch 500
Fine tuning epoch 550
Fine tuning epoch 600
Fine tuning epoch 650
Fine tuning epoch 700
Fine tuning epoch 0
Unfreezing 45
Fine tuning epoch 50
Fine tuning epoch 100
Unfreezing 146
Fine tuning epoch 150
Unfreezing 156
Fine tuning epoch 200
model_save/coral/AUC exists!
AE training epoch 0
AE training epoch 50
AE training epoch 100
AE training epoch 150
AE training epoch 200
AE training epoch 250
AE training epoch 300
AE training epoch 350
AE training epoch 400
AE training epoch 450
AE training epoch 500
AE training epoch 550
AE training epoch 600
AE training epoch 650
AE training epoch 700
AE training epoch 750
AE training epoch 800
AE training epoch 850
AE training epoch 900
AE training epoch 950
AE training epoch 1000
AE training epoch 1050
AE training epoch 1100
AE training epoch 1150
AE training epoch 1200
AE training epoch 1250
AE training epoch 1300
AE training epoch 1350
AE training epoch 1400
AE training epoch 1450
AE training epoch 1500
AE training epoch 1550
AE training epoch 1600
AE training epoch 1650
AE training epoch 1700
AE training epoch 1750
AE training epoch 1800
AE training epoch 1850
AE training epoch 1900
AE training epoch 1950
AE training epoch 2000
AE training epoch 2050
AE training epoch 2100
AE training epoch 2150
AE training epoch 2200
AE training epoch 2250
AE training epoch 2300
AE training epoch 2350
AE training epoch 2400
AE training epoch 2450
AE training epoch 2500
AE training epoch 2550
AE training epoch 2600
AE training epoch 2650
AE training epoch 2700
AE training epoch 2750
AE training epoch 2800
AE training epoch 2850
AE training epoch 2900
AE training epoch 2950
Fine tuning epoch 0
Unfreezing 41
Fine tuning epoch 50
Unfreezing 82
Unfreezing 92
Fine tuning epoch 100
Fine tuning epoch 0
Unfreezing 36
Fine tuning epoch 50
Unfreezing 58
Unfreezing 68
Fine tuning epoch 0
Unfreezing 49
Fine tuning epoch 50
Unfreezing 70
Fine tuning epoch 100
Unfreezing 101
Fine tuning epoch 0
Unfreezing 39
Fine tuning epoch 50
Fine tuning epoch 100
Fine tuning epoch 150
Unfreezing 195
Fine tuning epoch 200
Unfreezing 205
Fine tuning epoch 0
Unfreezing 39
Fine tuning epoch 50
Fine tuning epoch 100
Fine tuning epoch 150
Fine tuning epoch 200
Unfreezing 225
Unfreezing 235
model_save/coral/AUC exists!
AE training epoch 0
AE training epoch 50
AE training epoch 100
AE training epoch 150
AE training epoch 200
AE training epoch 250
AE training epoch 300
AE training epoch 350
AE training epoch 400
AE training epoch 450
AE training epoch 500
AE training epoch 550
AE training epoch 600
AE training epoch 650
AE training epoch 700
AE training epoch 750
AE training epoch 800
AE training epoch 850
AE training epoch 900
AE training epoch 950
AE training epoch 1000
AE training epoch 1050
AE training epoch 1100
AE training epoch 1150
AE training epoch 1200
AE training epoch 1250
AE training epoch 1300
AE training epoch 1350
AE training epoch 1400
AE training epoch 1450
AE training epoch 1500
AE training epoch 1550
AE training epoch 1600
AE training epoch 1650
AE training epoch 1700
AE training epoch 1750
AE training epoch 1800
AE training epoch 1850
AE training epoch 1900
AE training epoch 1950
AE training epoch 2000
AE training epoch 2050
AE training epoch 2100
AE training epoch 2150
AE training epoch 2200
AE training epoch 2250
AE training epoch 2300
AE training epoch 2350
AE training epoch 2400
AE training epoch 2450
AE training epoch 2500
AE training epoch 2550
AE training epoch 2600
AE training epoch 2650
AE training epoch 2700
AE training epoch 2750
AE training epoch 2800
AE training epoch 2850
AE training epoch 2900
AE training epoch 2950
Fine tuning epoch 0
Fine tuning epoch 50
Unfreezing 57
Unfreezing 94
Fine tuning epoch 100
Unfreezing 125
Fine tuning epoch 150
Fine tuning epoch 200
Fine tuning epoch 250
Fine tuning epoch 300
Fine tuning epoch 350
Fine tuning epoch 400
Fine tuning epoch 450
Fine tuning epoch 500
Fine tuning epoch 550
Fine tuning epoch 600
Fine tuning epoch 650
Fine tuning epoch 700
Fine tuning epoch 750
Fine tuning epoch 800
Fine tuning epoch 850
Fine tuning epoch 900
Fine tuning epoch 950
Fine tuning epoch 1000
Fine tuning epoch 1050
Fine tuning epoch 1100
Fine tuning epoch 1150
Fine tuning epoch 1200
Fine tuning epoch 1250
Fine tuning epoch 1300
Fine tuning epoch 1350
Fine tuning epoch 1400
Fine tuning epoch 1450
Fine tuning epoch 1500
Fine tuning epoch 1550
Fine tuning epoch 1600
Fine tuning epoch 1650
Fine tuning epoch 1700
Fine tuning epoch 1750
Fine tuning epoch 1800
Fine tuning epoch 1850
Fine tuning epoch 1900
Fine tuning epoch 1950
Fine tuning epoch 0
Fine tuning epoch 50
Unfreezing 57
Fine tuning epoch 100
Fine tuning epoch 150
Unfreezing 191
Fine tuning epoch 200
Unfreezing 201
Fine tuning epoch 0
Fine tuning epoch 50
Unfreezing 51
Unfreezing 78
Fine tuning epoch 100
Unfreezing 110
Fine tuning epoch 150
Fine tuning epoch 200
Fine tuning epoch 250
Fine tuning epoch 300
Fine tuning epoch 350
Fine tuning epoch 400
Fine tuning epoch 450
Fine tuning epoch 500
Fine tuning epoch 550
Fine tuning epoch 600
Fine tuning epoch 650