model_save/dcc/train_num_epochs_100_dop_0.0 exists!
model_save/dcc/AUC exists!
Fine tuning epoch 0
Fine tuning epoch 50
Unfreezing 68
Unfreezing 78
Unfreezing 88
Fine tuning epoch 100
Fine tuning epoch 0
Fine tuning epoch 50
Fine tuning epoch 100
Unfreezing 100
Unfreezing 110
Unfreezing 120
Fine tuning epoch 150
Fine tuning epoch 200
Fine tuning epoch 250
Fine tuning epoch 300
Fine tuning epoch 350
Fine tuning epoch 400
Fine tuning epoch 450
Fine tuning epoch 500
Fine tuning epoch 550
Fine tuning epoch 600
Fine tuning epoch 650
Fine tuning epoch 700
Fine tuning epoch 750
Fine tuning epoch 800
Fine tuning epoch 850
Fine tuning epoch 900
Fine tuning epoch 950
Fine tuning epoch 1000
Fine tuning epoch 1050
Fine tuning epoch 1100
Fine tuning epoch 1150
Fine tuning epoch 1200
Fine tuning epoch 1250
Fine tuning epoch 1300
Fine tuning epoch 1350
Fine tuning epoch 1400
Fine tuning epoch 1450
Fine tuning epoch 1500
Fine tuning epoch 1550
Fine tuning epoch 1600
Fine tuning epoch 1650
Fine tuning epoch 1700
Fine tuning epoch 1750
Fine tuning epoch 1800
Fine tuning epoch 1850
Fine tuning epoch 1900
Fine tuning epoch 1950
Fine tuning epoch 0
Fine tuning epoch 50
Unfreezing 99
Fine tuning epoch 100
Unfreezing 109
Unfreezing 119
Fine tuning epoch 0
Fine tuning epoch 50
Fine tuning epoch 100
Unfreezing 115
Unfreezing 125
Unfreezing 135
Fine tuning epoch 0
Fine tuning epoch 50
Unfreezing 79
Unfreezing 89
Unfreezing 99
Fine tuning epoch 100
model_save/dcc/train_num_epochs_100_dop_0.1 exists!
model_save/dcc/AUC exists!
Fine tuning epoch 0
Fine tuning epoch 50
Fine tuning epoch 100
Unfreezing 121
Fine tuning epoch 150
Unfreezing 197
Fine tuning epoch 200
Fine tuning epoch 250
Fine tuning epoch 300
Fine tuning epoch 350
Fine tuning epoch 400
Fine tuning epoch 450
Fine tuning epoch 500
Fine tuning epoch 550
Fine tuning epoch 600
Fine tuning epoch 650
Fine tuning epoch 700
Unfreezing 734
Fine tuning epoch 750
Fine tuning epoch 800
Fine tuning epoch 850
Fine tuning epoch 900
Fine tuning epoch 950
Fine tuning epoch 1000
Fine tuning epoch 1050
Fine tuning epoch 1100
Fine tuning epoch 1150
Fine tuning epoch 1200
Fine tuning epoch 1250
Fine tuning epoch 1300
Fine tuning epoch 1350
Fine tuning epoch 1400
Fine tuning epoch 1450
Fine tuning epoch 1500
Fine tuning epoch 1550
Fine tuning epoch 1600
Fine tuning epoch 1650
Fine tuning epoch 1700
Fine tuning epoch 1750
Fine tuning epoch 1800
Fine tuning epoch 1850
Fine tuning epoch 1900
Fine tuning epoch 1950
Fine tuning epoch 0
Fine tuning epoch 50
Unfreezing 75
Unfreezing 96
Fine tuning epoch 100
Unfreezing 106
Fine tuning epoch 0
Fine tuning epoch 50
Unfreezing 94
Fine tuning epoch 100
Unfreezing 104
Unfreezing 135
Fine tuning epoch 0
Fine tuning epoch 50
Unfreezing 87
Fine tuning epoch 100
Unfreezing 114
Fine tuning epoch 150
Fine tuning epoch 200
Fine tuning epoch 250
Fine tuning epoch 300
Fine tuning epoch 350
Fine tuning epoch 400
Fine tuning epoch 450
Fine tuning epoch 500
Fine tuning epoch 550
Fine tuning epoch 600
Fine tuning epoch 650
Fine tuning epoch 700
Fine tuning epoch 750
Fine tuning epoch 800
Unfreezing 806
Fine tuning epoch 0
Fine tuning epoch 50
Unfreezing 56
Unfreezing 93
Fine tuning epoch 100
Unfreezing 103
model_save/dcc/train_num_epochs_300_dop_0.0 exists!
model_save/dcc/AUC exists!
Fine tuning epoch 0
Fine tuning epoch 50
Fine tuning epoch 100
Unfreezing 104
Fine tuning epoch 150
Unfreezing 152
Unfreezing 162
Fine tuning epoch 0
Fine tuning epoch 50
Unfreezing 99
Fine tuning epoch 100
Unfreezing 109
Fine tuning epoch 150
Fine tuning epoch 200
Unfreezing 246
Fine tuning epoch 250
Fine tuning epoch 0
Fine tuning epoch 50
Unfreezing 86
Unfreezing 96
Fine tuning epoch 100
Unfreezing 127
Fine tuning epoch 0
Fine tuning epoch 50
Unfreezing 97
Fine tuning epoch 100
Unfreezing 119
Unfreezing 129
Fine tuning epoch 150
Fine tuning epoch 200
Fine tuning epoch 0
Fine tuning epoch 50
Unfreezing 69
Unfreezing 79
Fine tuning epoch 100
Unfreezing 122
model_save/dcc/train_num_epochs_300_dop_0.1 exists!
model_save/dcc/AUC exists!
Fine tuning epoch 0
Fine tuning epoch 50
Unfreezing 98
Fine tuning epoch 100
Fine tuning epoch 150
Fine tuning epoch 200
Fine tuning epoch 250
Fine tuning epoch 300
Unfreezing 304
Fine tuning epoch 350
Fine tuning epoch 400
Fine tuning epoch 450
Fine tuning epoch 500
Fine tuning epoch 550
Fine tuning epoch 600
Fine tuning epoch 650
Fine tuning epoch 700
Unfreezing 707
Fine tuning epoch 750
Fine tuning epoch 800
Fine tuning epoch 850
Fine tuning epoch 900
Fine tuning epoch 950
Fine tuning epoch 1000
Fine tuning epoch 1050
Fine tuning epoch 1100
Fine tuning epoch 1150
Fine tuning epoch 1200
Fine tuning epoch 1250
Fine tuning epoch 1300
Fine tuning epoch 1350
Fine tuning epoch 1400
Fine tuning epoch 1450
Fine tuning epoch 1500
Fine tuning epoch 1550
Fine tuning epoch 1600
Fine tuning epoch 1650
Fine tuning epoch 1700
Fine tuning epoch 1750
Fine tuning epoch 1800
Fine tuning epoch 1850
Fine tuning epoch 1900
Fine tuning epoch 1950
Fine tuning epoch 0
Fine tuning epoch 50
Fine tuning epoch 100
Unfreezing 104
Unfreezing 125
Unfreezing 135
Fine tuning epoch 150
Fine tuning epoch 0
Fine tuning epoch 50
Fine tuning epoch 100
Unfreezing 100
Unfreezing 110
Unfreezing 120
Fine tuning epoch 0
Fine tuning epoch 50
Fine tuning epoch 100
Unfreezing 104
Unfreezing 114
Unfreezing 124
Fine tuning epoch 150
Fine tuning epoch 0
Fine tuning epoch 50
Unfreezing 65
Unfreezing 86
Unfreezing 96
Fine tuning epoch 100
model_save/dcc/train_num_epochs_500_dop_0.0 exists!
model_save/dcc/AUC exists!
Fine tuning epoch 0
Fine tuning epoch 50
Fine tuning epoch 100
Unfreezing 109
Unfreezing 147
Fine tuning epoch 150
Fine tuning epoch 200
Fine tuning epoch 250
Fine tuning epoch 300
Fine tuning epoch 350
Fine tuning epoch 400
Fine tuning epoch 450
Fine tuning epoch 500
Fine tuning epoch 550
Fine tuning epoch 600
Unfreezing 627
Fine tuning epoch 0
Fine tuning epoch 50
Fine tuning epoch 100
Unfreezing 116
Unfreezing 137
Unfreezing 147
Fine tuning epoch 150
Fine tuning epoch 0
Fine tuning epoch 50
Fine tuning epoch 100
Unfreezing 116
Unfreezing 137
Fine tuning epoch 150
Fine tuning epoch 200
Unfreezing 218
Fine tuning epoch 0
Fine tuning epoch 50
Fine tuning epoch 100
Unfreezing 115
Unfreezing 125
Unfreezing 135
Fine tuning epoch 0
Fine tuning epoch 50
Unfreezing 79
Fine tuning epoch 100
Fine tuning epoch 150
Fine tuning epoch 200
Unfreezing 225
Unfreezing 235
Fine tuning epoch 250
model_save/dcc/train_num_epochs_500_dop_0.1 exists!
model_save/dcc/AUC exists!
Fine tuning epoch 0
Fine tuning epoch 50
Unfreezing 87
Fine tuning epoch 100
Unfreezing 108
Fine tuning epoch 150
Fine tuning epoch 200
Fine tuning epoch 250
Fine tuning epoch 300
Fine tuning epoch 350
Fine tuning epoch 400
Fine tuning epoch 450
Fine tuning epoch 500
Fine tuning epoch 550
Fine tuning epoch 600
Fine tuning epoch 650
Fine tuning epoch 700
Fine tuning epoch 750
Fine tuning epoch 800
Fine tuning epoch 850
Fine tuning epoch 900
Fine tuning epoch 950
Fine tuning epoch 1000
Fine tuning epoch 1050
Fine tuning epoch 1100
Fine tuning epoch 1150
Fine tuning epoch 1200
Fine tuning epoch 1250
Fine tuning epoch 1300
Fine tuning epoch 1350
Fine tuning epoch 1400
Fine tuning epoch 1450
Fine tuning epoch 1500
Fine tuning epoch 1550
Fine tuning epoch 1600
Fine tuning epoch 1650
Fine tuning epoch 1700
Fine tuning epoch 1750
Fine tuning epoch 1800
Fine tuning epoch 1850
Fine tuning epoch 1900
Fine tuning epoch 1950
Fine tuning epoch 0
Fine tuning epoch 50
Unfreezing 92
Fine tuning epoch 100
Unfreezing 102
Unfreezing 134
Fine tuning epoch 0
Fine tuning epoch 50
Fine tuning epoch 100
Unfreezing 115
Unfreezing 136
Fine tuning epoch 150
Unfreezing 197
Fine tuning epoch 200
Fine tuning epoch 0
Fine tuning epoch 50
Fine tuning epoch 100
Unfreezing 104
Unfreezing 114
Unfreezing 124
Fine tuning epoch 0
Fine tuning epoch 50
Unfreezing 86
Fine tuning epoch 100
Unfreezing 124
Unfreezing 134
model_save/dcc/train_num_epochs_1000_dop_0.0 exists!
model_save/dcc/AUC exists!
Fine tuning epoch 0
Fine tuning epoch 50
Unfreezing 81
Unfreezing 91
Fine tuning epoch 100
Unfreezing 123
Fine tuning epoch 150
Fine tuning epoch 0
Fine tuning epoch 50
Unfreezing 92
Fine tuning epoch 100
Unfreezing 102
Unfreezing 133
Fine tuning epoch 150
Fine tuning epoch 200
Fine tuning epoch 0
Fine tuning epoch 50
Fine tuning epoch 100
Unfreezing 124
Unfreezing 134
Unfreezing 144
Fine tuning epoch 150
Fine tuning epoch 200
Fine tuning epoch 0
Fine tuning epoch 50
Unfreezing 94
Fine tuning epoch 100
Unfreezing 122
Unfreezing 132
Fine tuning epoch 150
Fine tuning epoch 200
Fine tuning epoch 0
Fine tuning epoch 50
Unfreezing 84
Unfreezing 94
Fine tuning epoch 100
Fine tuning epoch 150
Fine tuning epoch 200
Fine tuning epoch 250
Fine tuning epoch 300
Fine tuning epoch 350
Fine tuning epoch 400
Fine tuning epoch 450
Fine tuning epoch 500
Fine tuning epoch 550
Fine tuning epoch 600
Fine tuning epoch 650
Fine tuning epoch 700
Fine tuning epoch 750
Fine tuning epoch 800
Fine tuning epoch 850
Fine tuning epoch 900
Fine tuning epoch 950
Fine tuning epoch 1000
Fine tuning epoch 1050
Fine tuning epoch 1100
Fine tuning epoch 1150
Fine tuning epoch 1200
Fine tuning epoch 1250
Fine tuning epoch 1300
Fine tuning epoch 1350
Fine tuning epoch 1400
Fine tuning epoch 1450
Fine tuning epoch 1500
Fine tuning epoch 1550
Fine tuning epoch 1600
Fine tuning epoch 1650
Fine tuning epoch 1700
Fine tuning epoch 1750
Unfreezing 1757
Fine tuning epoch 1800
Fine tuning epoch 1850
Fine tuning epoch 1900
Fine tuning epoch 1950
model_save/dcc/train_num_epochs_1000_dop_0.1 exists!
model_save/dcc/AUC exists!
Fine tuning epoch 0
Fine tuning epoch 50
Fine tuning epoch 100
Unfreezing 106
Unfreezing 116
Fine tuning epoch 150
Fine tuning epoch 200
Fine tuning epoch 250
Fine tuning epoch 300
Fine tuning epoch 350
Fine tuning epoch 400
Fine tuning epoch 450
Fine tuning epoch 500
Fine tuning epoch 550
Fine tuning epoch 600
Fine tuning epoch 650
Fine tuning epoch 700
Fine tuning epoch 750
Fine tuning epoch 800
Fine tuning epoch 850
Fine tuning epoch 900
Fine tuning epoch 950
Fine tuning epoch 1000
Fine tuning epoch 1050
Fine tuning epoch 1100
Fine tuning epoch 1150
Fine tuning epoch 1200
Fine tuning epoch 1250
Fine tuning epoch 1300
Fine tuning epoch 1350
Fine tuning epoch 1400
Fine tuning epoch 1450
Fine tuning epoch 1500
Fine tuning epoch 1550
Fine tuning epoch 1600
Fine tuning epoch 1650
Fine tuning epoch 1700
Fine tuning epoch 1750
Fine tuning epoch 1800
Fine tuning epoch 1850
Fine tuning epoch 1900
Fine tuning epoch 1950
Fine tuning epoch 0
Fine tuning epoch 50
Fine tuning epoch 100
Unfreezing 122
Unfreezing 132
Unfreezing 142
Fine tuning epoch 150
Fine tuning epoch 200
Fine tuning epoch 0
Fine tuning epoch 50
Unfreezing 94
Fine tuning epoch 100
Unfreezing 104
Unfreezing 114
Fine tuning epoch 150
Fine tuning epoch 0
Fine tuning epoch 50
Fine tuning epoch 100
Unfreezing 122
Unfreezing 143
Fine tuning epoch 150
Unfreezing 153
Fine tuning epoch 0
Fine tuning epoch 50
Unfreezing 84
Fine tuning epoch 100
Unfreezing 110
Fine tuning epoch 150
Unfreezing 154
model_save/dcc/train_num_epochs_2000_dop_0.0 exists!
model_save/dcc/AUC exists!
Fine tuning epoch 0
Fine tuning epoch 50
Unfreezing 91
Fine tuning epoch 100
Unfreezing 117
Fine tuning epoch 150
Unfreezing 164
Fine tuning epoch 200
Fine tuning epoch 0
Fine tuning epoch 50
Fine tuning epoch 100
Unfreezing 133
Fine tuning epoch 150
Unfreezing 175
Unfreezing 185
Fine tuning epoch 0
Fine tuning epoch 50
Fine tuning epoch 100
Unfreezing 102
Unfreezing 136
Fine tuning epoch 150
Unfreezing 167
Fine tuning epoch 200
Fine tuning epoch 0
Fine tuning epoch 50
Fine tuning epoch 100
Unfreezing 120
Unfreezing 146
Fine tuning epoch 150
Unfreezing 177
Fine tuning epoch 0
Fine tuning epoch 50
Unfreezing 87
Fine tuning epoch 100
Fine tuning epoch 150
Fine tuning epoch 200
Unfreezing 211
Unfreezing 242
Fine tuning epoch 250
model_save/dcc/train_num_epochs_2000_dop_0.1 exists!
model_save/dcc/AUC exists!
Fine tuning epoch 0
Fine tuning epoch 50
Fine tuning epoch 100
Unfreezing 113
Fine tuning epoch 150
Fine tuning epoch 200
Unfreezing 235
Fine tuning epoch 250
Fine tuning epoch 300
Fine tuning epoch 350
Fine tuning epoch 400
Fine tuning epoch 450
Fine tuning epoch 500
Fine tuning epoch 550
Fine tuning epoch 600
Fine tuning epoch 650
Unfreezing 669
Fine tuning epoch 0
Fine tuning epoch 50
Fine tuning epoch 100
Unfreezing 145
Fine tuning epoch 150
Unfreezing 166
Unfreezing 176
Fine tuning epoch 0
Fine tuning epoch 50
Fine tuning epoch 100
Unfreezing 100
Unfreezing 110
Unfreezing 142
Fine tuning epoch 150
Fine tuning epoch 200
Fine tuning epoch 0
Fine tuning epoch 50
Fine tuning epoch 100
Unfreezing 129
Fine tuning epoch 150
Unfreezing 150
Unfreezing 160
Fine tuning epoch 0
Fine tuning epoch 50
Unfreezing 82
Unfreezing 92
Fine tuning epoch 100
Unfreezing 123
Fine tuning epoch 150
Fine tuning epoch 200
Fine tuning epoch 250
Fine tuning epoch 300
Fine tuning epoch 350
Fine tuning epoch 400
Fine tuning epoch 450
Fine tuning epoch 500
Fine tuning epoch 550
Fine tuning epoch 600
Fine tuning epoch 650
Fine tuning epoch 700
Fine tuning epoch 750
Fine tuning epoch 800
Fine tuning epoch 850
Fine tuning epoch 900
Fine tuning epoch 950
Fine tuning epoch 1000
Fine tuning epoch 1050
Fine tuning epoch 1100
Fine tuning epoch 1150
Fine tuning epoch 1200
Fine tuning epoch 1250
model_save/dcc/train_num_epochs_3000_dop_0.0 exists!
model_save/dcc/AUC exists!
Fine tuning epoch 0
Fine tuning epoch 50
Fine tuning epoch 100
Unfreezing 143
Fine tuning epoch 150
Fine tuning epoch 200
Fine tuning epoch 250
Fine tuning epoch 300
Fine tuning epoch 350
Fine tuning epoch 400
Fine tuning epoch 450
Fine tuning epoch 500
Unfreezing 528
Fine tuning epoch 550
Fine tuning epoch 600
Fine tuning epoch 650
Fine tuning epoch 700
Fine tuning epoch 750
Fine tuning epoch 800
Fine tuning epoch 850
Fine tuning epoch 900
Fine tuning epoch 950
Fine tuning epoch 1000
Fine tuning epoch 1050
Fine tuning epoch 1100
Fine tuning epoch 1150
Fine tuning epoch 1200
Fine tuning epoch 1250
Fine tuning epoch 1300
Fine tuning epoch 1350
Fine tuning epoch 1400
Fine tuning epoch 1450
Fine tuning epoch 1500
Fine tuning epoch 1550
Fine tuning epoch 1600
Fine tuning epoch 1650
Fine tuning epoch 1700
Fine tuning epoch 1750
Fine tuning epoch 1800
Fine tuning epoch 1850
Fine tuning epoch 1900
Fine tuning epoch 1950
Fine tuning epoch 0
Fine tuning epoch 50
Fine tuning epoch 100
Unfreezing 129
Fine tuning epoch 150
Unfreezing 150
Unfreezing 160
Fine tuning epoch 200
Fine tuning epoch 0
Fine tuning epoch 50
Fine tuning epoch 100
Unfreezing 101
Unfreezing 111
Unfreezing 121
Fine tuning epoch 150
Fine tuning epoch 0
Fine tuning epoch 50
Fine tuning epoch 100
Unfreezing 128
Unfreezing 138
Fine tuning epoch 150
Unfreezing 169
Fine tuning epoch 200
Fine tuning epoch 0
Fine tuning epoch 50
Unfreezing 81
Unfreezing 91
Fine tuning epoch 100
Unfreezing 123
Fine tuning epoch 150
model_save/dcc/train_num_epochs_3000_dop_0.1 exists!
model_save/dcc/AUC exists!
Fine tuning epoch 0
Fine tuning epoch 50
Fine tuning epoch 100
Unfreezing 130
Fine tuning epoch 150
Fine tuning epoch 200
Fine tuning epoch 250
Fine tuning epoch 300
Fine tuning epoch 350
Fine tuning epoch 400
Fine tuning epoch 450
Fine tuning epoch 500
Fine tuning epoch 550
Fine tuning epoch 600
Fine tuning epoch 650
Fine tuning epoch 700
Fine tuning epoch 750
Fine tuning epoch 800
Fine tuning epoch 850
Fine tuning epoch 900
Fine tuning epoch 950
Fine tuning epoch 1000
Unfreezing 1028
Fine tuning epoch 1050
Fine tuning epoch 1100
Fine tuning epoch 1150
Fine tuning epoch 1200
Fine tuning epoch 1250
Fine tuning epoch 1300
Fine tuning epoch 1350
Fine tuning epoch 1400
Fine tuning epoch 1450
Fine tuning epoch 1500
Fine tuning epoch 1550
Fine tuning epoch 1600
Fine tuning epoch 1650
Fine tuning epoch 1700
Fine tuning epoch 1750
Fine tuning epoch 1800
Fine tuning epoch 1850
Fine tuning epoch 1900
Fine tuning epoch 1950
Fine tuning epoch 0
Fine tuning epoch 50
Fine tuning epoch 100
Fine tuning epoch 150
Unfreezing 151
Unfreezing 172
Unfreezing 182
Fine tuning epoch 200
Fine tuning epoch 0
Fine tuning epoch 50
Fine tuning epoch 100
Unfreezing 137
Unfreezing 147
Fine tuning epoch 150
Unfreezing 157
Fine tuning epoch 200
Fine tuning epoch 0
Fine tuning epoch 50
Fine tuning epoch 100
Unfreezing 117
Unfreezing 138
Unfreezing 148
Fine tuning epoch 150
Fine tuning epoch 0
Fine tuning epoch 50
Fine tuning epoch 100
Unfreezing 110/opt/conda/lib/python3.6/site-packages/sklearn/model_selection/_split.py:297: FutureWarning: Setting a random_state has no effect since shuffle is False. This will raise an error in 0.24. You should leave random_state to its default (None), or set shuffle=True.
  FutureWarning
/opt/conda/lib/python3.6/site-packages/sklearn/model_selection/_split.py:297: FutureWarning: Setting a random_state has no effect since shuffle is False. This will raise an error in 0.24. You should leave random_state to its default (None), or set shuffle=True.
  FutureWarning
/opt/conda/lib/python3.6/site-packages/sklearn/model_selection/_split.py:297: FutureWarning: Setting a random_state has no effect since shuffle is False. This will raise an error in 0.24. You should leave random_state to its default (None), or set shuffle=True.
  FutureWarning
/opt/conda/lib/python3.6/site-packages/sklearn/model_selection/_split.py:297: FutureWarning: Setting a random_state has no effect since shuffle is False. This will raise an error in 0.24. You should leave random_state to its default (None), or set shuffle=True.
  FutureWarning
/opt/conda/lib/python3.6/site-packages/sklearn/model_selection/_split.py:297: FutureWarning: Setting a random_state has no effect since shuffle is False. This will raise an error in 0.24. You should leave random_state to its default (None), or set shuffle=True.
  FutureWarning
/opt/conda/lib/python3.6/site-packages/sklearn/model_selection/_split.py:297: FutureWarning: Setting a random_state has no effect since shuffle is False. This will raise an error in 0.24. You should leave random_state to its default (None), or set shuffle=True.
  FutureWarning
/opt/conda/lib/python3.6/site-packages/sklearn/model_selection/_split.py:297: FutureWarning: Setting a random_state has no effect since shuffle is False. This will raise an error in 0.24. You should leave random_state to its default (None), or set shuffle=True.
  FutureWarning
/opt/conda/lib/python3.6/site-packages/sklearn/model_selection/_split.py:297: FutureWarning: Setting a random_state has no effect since shuffle is False. This will raise an error in 0.24. You should leave random_state to its default (None), or set shuffle=True.
  FutureWarning
/opt/conda/lib/python3.6/site-packages/sklearn/model_selection/_split.py:297: FutureWarning: Setting a random_state has no effect since shuffle is False. This will raise an error in 0.24. You should leave random_state to its default (None), or set shuffle=True.
  FutureWarning
/opt/conda/lib/python3.6/site-packages/sklearn/model_selection/_split.py:297: FutureWarning: Setting a random_state has no effect since shuffle is False. This will raise an error in 0.24. You should leave random_state to its default (None), or set shuffle=True.
  FutureWarning
/opt/conda/lib/python3.6/site-packages/sklearn/model_selection/_split.py:297: FutureWarning: Setting a random_state has no effect since shuffle is False. This will raise an error in 0.24. You should leave random_state to its default (None), or set shuffle=True.
  FutureWarning
/opt/conda/lib/python3.6/site-packages/sklearn/model_selection/_split.py:297: FutureWarning: Setting a random_state has no effect since shuffle is False. This will raise an error in 0.24. You should leave random_state to its default (None), or set shuffle=True.
  FutureWarning
/opt/conda/lib/python3.6/site-packages/sklearn/model_selection/_split.py:297: FutureWarning: Setting a random_state has no effect since shuffle is False. This will raise an error in 0.24. You should leave random_state to its default (None), or set shuffle=True.
  FutureWarning
/opt/conda/lib/python3.6/site-packages/sklearn/model_selection/_split.py:297: FutureWarning: Setting a random_state has no effect since shuffle is False. This will raise an error in 0.24. You should leave random_state to its default (None), or set shuffle=True.
  FutureWarning

Unfreezing 120
Unfreezing 130
model_save/dcc/train_num_epochs_5000_dop_0.0 exists!
model_save/dcc/AUC exists!
Fine tuning epoch 0
Fine tuning epoch 50
Fine tuning epoch 100
Unfreezing 108
Unfreezing 130
Fine tuning epoch 150
Fine tuning epoch 200
Fine tuning epoch 250
Fine tuning epoch 300
Fine tuning epoch 350
Fine tuning epoch 400
Fine tuning epoch 450
Fine tuning epoch 500
Fine tuning epoch 550
Unfreezing 593
Fine tuning epoch 600
Fine tuning epoch 0
Fine tuning epoch 50
Fine tuning epoch 100
Unfreezing 135
Fine tuning epoch 150
Fine tuning epoch 200
Fine tuning epoch 250
Fine tuning epoch 300
Fine tuning epoch 350
Fine tuning epoch 400
Fine tuning epoch 450
Fine tuning epoch 500
Fine tuning epoch 550
Fine tuning epoch 600
Fine tuning epoch 650
Fine tuning epoch 700
Fine tuning epoch 750
Fine tuning epoch 800
Fine tuning epoch 850
Fine tuning epoch 900
Unfreezing 902
Unfreezing 912
Fine tuning epoch 950
Fine tuning epoch 0
Fine tuning epoch 50
Fine tuning epoch 100
Unfreezing 134
Fine tuning epoch 150
Fine tuning epoch 200
Fine tuning epoch 250
Fine tuning epoch 300
Fine tuning epoch 350
Fine tuning epoch 400
Fine tuning epoch 450
Fine tuning epoch 500
Fine tuning epoch 550
Fine tuning epoch 600
Fine tuning epoch 650
Fine tuning epoch 700
Fine tuning epoch 750
Fine tuning epoch 800
Fine tuning epoch 850
Fine tuning epoch 900
Fine tuning epoch 950
Fine tuning epoch 1000
Fine tuning epoch 1050
Unfreezing 1084
Fine tuning epoch 1100
Unfreezing 1116
Fine tuning epoch 0
Fine tuning epoch 50
Fine tuning epoch 100
Fine tuning epoch 150
Unfreezing 176
Unfreezing 197
Fine tuning epoch 200
Unfreezing 228
Fine tuning epoch 250
Fine tuning epoch 0
Fine tuning epoch 50
Unfreezing 87
Fine tuning epoch 100
Unfreezing 108
Fine tuning epoch 150
Unfreezing 173
Fine tuning epoch 200
model_save/dcc/train_num_epochs_5000_dop_0.1 exists!
model_save/dcc/AUC exists!
Fine tuning epoch 0
Fine tuning epoch 50
Fine tuning epoch 100
Unfreezing 140
Fine tuning epoch 150
Fine tuning epoch 200
Fine tuning epoch 250
Unfreezing 268
Fine tuning epoch 300
Unfreezing 306
Fine tuning epoch 0
Fine tuning epoch 50
Fine tuning epoch 100
Unfreezing 117
Unfreezing 127
Unfreezing 137
Fine tuning epoch 150
Fine tuning epoch 0
Fine tuning epoch 50
Fine tuning epoch 100
Unfreezing 124
Fine tuning epoch 150
Unfreezing 190
Fine tuning epoch 200
Unfreezing 200
Fine tuning epoch 0
Fine tuning epoch 50
Fine tuning epoch 100
Fine tuning epoch 150
Unfreezing 165
Unfreezing 175
Unfreezing 185
Fine tuning epoch 0
Fine tuning epoch 50
Unfreezing 85
Unfreezing 95
Fine tuning epoch 100
Unfreezing 133
Fine tuning epoch 150
Fine tuning epoch 200
Fine tuning epoch 250
Fine tuning epoch 300
Fine tuning epoch 350
Fine tuning epoch 400
Fine tuning epoch 450
Fine tuning epoch 500
Fine tuning epoch 550
Fine tuning epoch 600
Fine tuning epoch 650
Fine tuning epoch 700
Fine tuning epoch 750
Fine tuning epoch 800
Fine tuning epoch 850
Fine tuning epoch 900
Fine tuning epoch 950
Fine tuning epoch 1000
Fine tuning epoch 1050
Fine tuning epoch 1100
Fine tuning epoch 1150
Fine tuning epoch 1200
Fine tuning epoch 1250
Fine tuning epoch 1300
Fine tuning epoch 1350
Fine tuning epoch 1400
Fine tuning epoch 1450
Fine tuning epoch 1500
Fine tuning epoch 1550
Fine tuning epoch 1600
Fine tuning epoch 1650
Fine tuning epoch 1700
Fine tuning epoch 1750
Fine tuning epoch 1800
Fine tuning epoch 1850
Fine tuning epoch 1900
Fine tuning epoch 1950
